<?xml version="1.0" encoding="UTF-8"?>
<!-- Generated by org.testng.reporters.JUnitXMLReporter -->
<testsuite ignored="2" hostname="NB-272" failures="0" tests="1" name="Default test" time="19.91" errors="0" timestamp="2023-10-30T15:28:56 ART">
  <testcase classname="TestSuites.API_Autorizador" name="TC_A196_compraReversoApiAutorizador" time="19.884"/>
  <testcase classname="TestSuites.API_Autorizador" name="TC_2_compraDevolucionApiAutorizador" time="0.0">
    <ignored/>
  </testcase> <!-- TC_2_compraDevolucionApiAutorizador -->
  <testcase classname="TestSuites.API_Autorizador" name="TC_1_compraApiAutorizador" time="0.0">
    <ignored/>
  </testcase> <!-- TC_1_compraApiAutorizador -->
</testsuite> <!-- Default test -->
